2024-11-27 15:03:29,028 - INFO - Acessando a URL: https://scon.stj.jus.br/SCON/sumstj/toc.jsp?documentosSelecionadosParaPDF=&numDocsPagina=10&tipo_visualizacao=&data=&p=false&tipo=sumula&b=SUMU&i=1&l=10&ordenacao=-%40NUM&operador=E
2024-11-27 15:03:33,787 - INFO - Acessando a URL: https://scon.stj.jus.br/SCON/sumstj/toc.jsp?documentosSelecionadosParaPDF=&numDocsPagina=10&tipo_visualizacao=&data=&p=false&tipo=sumula&b=SUMU&i=11&l=10&ordenacao=-%40NUM&operador=E
2024-11-27 15:03:37,691 - INFO - Acessando a URL: https://scon.stj.jus.br/SCON/sumstj/toc.jsp?documentosSelecionadosParaPDF=&numDocsPagina=10&tipo_visualizacao=&data=&p=false&tipo=sumula&b=SUMU&i=21&l=10&ordenacao=-%40NUM&operador=E
2024-11-27 15:03:41,888 - INFO - Acessando a URL: https://scon.stj.jus.br/SCON/sumstj/toc.jsp?documentosSelecionadosParaPDF=&numDocsPagina=10&tipo_visualizacao=&data=&p=false&tipo=sumula&b=SUMU&i=31&l=10&ordenacao=-%40NUM&operador=E
2024-11-27 15:03:45,658 - INFO - Acessando a URL: https://scon.stj.jus.br/SCON/sumstj/toc.jsp?documentosSelecionadosParaPDF=&numDocsPagina=10&tipo_visualizacao=&data=&p=false&tipo=sumula&b=SUMU&i=41&l=10&ordenacao=-%40NUM&operador=E
2024-11-27 15:03:49,553 - INFO - Acessando a URL: https://scon.stj.jus.br/SCON/sumstj/toc.jsp?documentosSelecionadosParaPDF=&numDocsPagina=10&tipo_visualizacao=&data=&p=false&tipo=sumula&b=SUMU&i=51&l=10&ordenacao=-%40NUM&operador=E
2024-11-27 15:03:53,232 - INFO - Acessando a URL: https://scon.stj.jus.br/SCON/sumstj/toc.jsp?documentosSelecionadosParaPDF=&numDocsPagina=10&tipo_visualizacao=&data=&p=false&tipo=sumula&b=SUMU&i=61&l=10&ordenacao=-%40NUM&operador=E
2024-11-27 15:03:57,009 - INFO - Acessando a URL: https://scon.stj.jus.br/SCON/sumstj/toc.jsp?documentosSelecionadosParaPDF=&numDocsPagina=10&tipo_visualizacao=&data=&p=false&tipo=sumula&b=SUMU&i=71&l=10&ordenacao=-%40NUM&operador=E
2024-11-27 15:04:03,738 - INFO - Acessando a URL: https://scon.stj.jus.br/SCON/sumstj/toc.jsp?documentosSelecionadosParaPDF=&numDocsPagina=10&tipo_visualizacao=&data=&p=false&tipo=sumula&b=SUMU&i=81&l=10&ordenacao=-%40NUM&operador=E
2024-11-27 15:04:07,989 - INFO - Acessando a URL: https://scon.stj.jus.br/SCON/sumstj/toc.jsp?documentosSelecionadosParaPDF=&numDocsPagina=10&tipo_visualizacao=&data=&p=false&tipo=sumula&b=SUMU&i=91&l=10&ordenacao=-%40NUM&operador=E
2024-11-27 15:04:12,543 - INFO - Acessando a URL: https://scon.stj.jus.br/SCON/sumstj/toc.jsp?documentosSelecionadosParaPDF=&numDocsPagina=10&tipo_visualizacao=&data=&p=false&tipo=sumula&b=SUMU&i=101&l=10&ordenacao=-%40NUM&operador=E
2024-11-27 15:04:16,375 - INFO - Acessando a URL: https://scon.stj.jus.br/SCON/sumstj/toc.jsp?documentosSelecionadosParaPDF=&numDocsPagina=10&tipo_visualizacao=&data=&p=false&tipo=sumula&b=SUMU&i=111&l=10&ordenacao=-%40NUM&operador=E
2024-11-27 15:04:20,891 - INFO - Acessando a URL: https://scon.stj.jus.br/SCON/sumstj/toc.jsp?documentosSelecionadosParaPDF=&numDocsPagina=10&tipo_visualizacao=&data=&p=false&tipo=sumula&b=SUMU&i=121&l=10&ordenacao=-%40NUM&operador=E
2024-11-27 15:04:25,284 - INFO - Acessando a URL: https://scon.stj.jus.br/SCON/sumstj/toc.jsp?documentosSelecionadosParaPDF=&numDocsPagina=10&tipo_visualizacao=&data=&p=false&tipo=sumula&b=SUMU&i=131&l=10&ordenacao=-%40NUM&operador=E
2024-11-27 15:04:29,509 - INFO - Acessando a URL: https://scon.stj.jus.br/SCON/sumstj/toc.jsp?documentosSelecionadosParaPDF=&numDocsPagina=10&tipo_visualizacao=&data=&p=false&tipo=sumula&b=SUMU&i=141&l=10&ordenacao=-%40NUM&operador=E
2024-11-27 15:04:33,597 - INFO - Acessando a URL: https://scon.stj.jus.br/SCON/sumstj/toc.jsp?documentosSelecionadosParaPDF=&numDocsPagina=10&tipo_visualizacao=&data=&p=false&tipo=sumula&b=SUMU&i=151&l=10&ordenacao=-%40NUM&operador=E
2024-11-27 15:04:38,670 - INFO - Acessando a URL: https://scon.stj.jus.br/SCON/sumstj/toc.jsp?documentosSelecionadosParaPDF=&numDocsPagina=10&tipo_visualizacao=&data=&p=false&tipo=sumula&b=SUMU&i=161&l=10&ordenacao=-%40NUM&operador=E
2024-11-27 15:04:42,920 - INFO - Acessando a URL: https://scon.stj.jus.br/SCON/sumstj/toc.jsp?documentosSelecionadosParaPDF=&numDocsPagina=10&tipo_visualizacao=&data=&p=false&tipo=sumula&b=SUMU&i=171&l=10&ordenacao=-%40NUM&operador=E
2024-11-27 15:04:47,041 - INFO - Acessando a URL: https://scon.stj.jus.br/SCON/sumstj/toc.jsp?documentosSelecionadosParaPDF=&numDocsPagina=10&tipo_visualizacao=&data=&p=false&tipo=sumula&b=SUMU&i=181&l=10&ordenacao=-%40NUM&operador=E
2024-11-27 15:04:54,286 - INFO - Acessando a URL: https://scon.stj.jus.br/SCON/sumstj/toc.jsp?documentosSelecionadosParaPDF=&numDocsPagina=10&tipo_visualizacao=&data=&p=false&tipo=sumula&b=SUMU&i=191&l=10&ordenacao=-%40NUM&operador=E
2024-11-27 15:04:58,106 - INFO - Acessando a URL: https://scon.stj.jus.br/SCON/sumstj/toc.jsp?documentosSelecionadosParaPDF=&numDocsPagina=10&tipo_visualizacao=&data=&p=false&tipo=sumula&b=SUMU&i=201&l=10&ordenacao=-%40NUM&operador=E
2024-11-27 15:05:01,863 - INFO - Acessando a URL: https://scon.stj.jus.br/SCON/sumstj/toc.jsp?documentosSelecionadosParaPDF=&numDocsPagina=10&tipo_visualizacao=&data=&p=false&tipo=sumula&b=SUMU&i=211&l=10&ordenacao=-%40NUM&operador=E
2024-11-27 15:05:05,537 - INFO - Acessando a URL: https://scon.stj.jus.br/SCON/sumstj/toc.jsp?documentosSelecionadosParaPDF=&numDocsPagina=10&tipo_visualizacao=&data=&p=false&tipo=sumula&b=SUMU&i=221&l=10&ordenacao=-%40NUM&operador=E
2024-11-27 15:05:09,779 - INFO - Acessando a URL: https://scon.stj.jus.br/SCON/sumstj/toc.jsp?documentosSelecionadosParaPDF=&numDocsPagina=10&tipo_visualizacao=&data=&p=false&tipo=sumula&b=SUMU&i=231&l=10&ordenacao=-%40NUM&operador=E
2024-11-27 15:05:14,541 - INFO - Acessando a URL: https://scon.stj.jus.br/SCON/sumstj/toc.jsp?documentosSelecionadosParaPDF=&numDocsPagina=10&tipo_visualizacao=&data=&p=false&tipo=sumula&b=SUMU&i=241&l=10&ordenacao=-%40NUM&operador=E
2024-11-27 15:05:21,561 - INFO - Acessando a URL: https://scon.stj.jus.br/SCON/sumstj/toc.jsp?documentosSelecionadosParaPDF=&numDocsPagina=10&tipo_visualizacao=&data=&p=false&tipo=sumula&b=SUMU&i=251&l=10&ordenacao=-%40NUM&operador=E
2024-11-27 15:05:25,635 - INFO - Acessando a URL: https://scon.stj.jus.br/SCON/sumstj/toc.jsp?documentosSelecionadosParaPDF=&numDocsPagina=10&tipo_visualizacao=&data=&p=false&tipo=sumula&b=SUMU&i=261&l=10&ordenacao=-%40NUM&operador=E
2024-11-27 15:05:31,815 - INFO - Acessando a URL: https://scon.stj.jus.br/SCON/sumstj/toc.jsp?documentosSelecionadosParaPDF=&numDocsPagina=10&tipo_visualizacao=&data=&p=false&tipo=sumula&b=SUMU&i=271&l=10&ordenacao=-%40NUM&operador=E
2024-11-27 15:05:35,587 - INFO - Acessando a URL: https://scon.stj.jus.br/SCON/sumstj/toc.jsp?documentosSelecionadosParaPDF=&numDocsPagina=10&tipo_visualizacao=&data=&p=false&tipo=sumula&b=SUMU&i=281&l=10&ordenacao=-%40NUM&operador=E
2024-11-27 15:05:39,435 - INFO - Acessando a URL: https://scon.stj.jus.br/SCON/sumstj/toc.jsp?documentosSelecionadosParaPDF=&numDocsPagina=10&tipo_visualizacao=&data=&p=false&tipo=sumula&b=SUMU&i=291&l=10&ordenacao=-%40NUM&operador=E
2024-11-27 15:05:43,937 - INFO - Acessando a URL: https://scon.stj.jus.br/SCON/sumstj/toc.jsp?documentosSelecionadosParaPDF=&numDocsPagina=10&tipo_visualizacao=&data=&p=false&tipo=sumula&b=SUMU&i=301&l=10&ordenacao=-%40NUM&operador=E
2024-11-27 15:05:47,782 - INFO - Acessando a URL: https://scon.stj.jus.br/SCON/sumstj/toc.jsp?documentosSelecionadosParaPDF=&numDocsPagina=10&tipo_visualizacao=&data=&p=false&tipo=sumula&b=SUMU&i=311&l=10&ordenacao=-%40NUM&operador=E
2024-11-27 15:05:52,816 - INFO - Acessando a URL: https://scon.stj.jus.br/SCON/sumstj/toc.jsp?documentosSelecionadosParaPDF=&numDocsPagina=10&tipo_visualizacao=&data=&p=false&tipo=sumula&b=SUMU&i=321&l=10&ordenacao=-%40NUM&operador=E
2024-11-27 15:05:57,549 - INFO - Acessando a URL: https://scon.stj.jus.br/SCON/sumstj/toc.jsp?documentosSelecionadosParaPDF=&numDocsPagina=10&tipo_visualizacao=&data=&p=false&tipo=sumula&b=SUMU&i=331&l=10&ordenacao=-%40NUM&operador=E
2024-11-27 15:06:01,944 - INFO - Acessando a URL: https://scon.stj.jus.br/SCON/sumstj/toc.jsp?documentosSelecionadosParaPDF=&numDocsPagina=10&tipo_visualizacao=&data=&p=false&tipo=sumula&b=SUMU&i=341&l=10&ordenacao=-%40NUM&operador=E
2024-11-27 15:06:05,799 - INFO - Acessando a URL: https://scon.stj.jus.br/SCON/sumstj/toc.jsp?documentosSelecionadosParaPDF=&numDocsPagina=10&tipo_visualizacao=&data=&p=false&tipo=sumula&b=SUMU&i=351&l=10&ordenacao=-%40NUM&operador=E
2024-11-27 15:06:09,667 - INFO - Acessando a URL: https://scon.stj.jus.br/SCON/sumstj/toc.jsp?documentosSelecionadosParaPDF=&numDocsPagina=10&tipo_visualizacao=&data=&p=false&tipo=sumula&b=SUMU&i=361&l=10&ordenacao=-%40NUM&operador=E
2024-11-27 15:06:14,710 - INFO - Acessando a URL: https://scon.stj.jus.br/SCON/sumstj/toc.jsp?documentosSelecionadosParaPDF=&numDocsPagina=10&tipo_visualizacao=&data=&p=false&tipo=sumula&b=SUMU&i=371&l=10&ordenacao=-%40NUM&operador=E
2024-11-27 15:06:18,463 - INFO - Acessando a URL: https://scon.stj.jus.br/SCON/sumstj/toc.jsp?documentosSelecionadosParaPDF=&numDocsPagina=10&tipo_visualizacao=&data=&p=false&tipo=sumula&b=SUMU&i=381&l=10&ordenacao=-%40NUM&operador=E
2024-11-27 15:06:22,400 - INFO - Acessando a URL: https://scon.stj.jus.br/SCON/sumstj/toc.jsp?documentosSelecionadosParaPDF=&numDocsPagina=10&tipo_visualizacao=&data=&p=false&tipo=sumula&b=SUMU&i=391&l=10&ordenacao=-%40NUM&operador=E
2024-11-27 15:06:26,416 - INFO - Acessando a URL: https://scon.stj.jus.br/SCON/sumstj/toc.jsp?documentosSelecionadosParaPDF=&numDocsPagina=10&tipo_visualizacao=&data=&p=false&tipo=sumula&b=SUMU&i=401&l=10&ordenacao=-%40NUM&operador=E
2024-11-27 15:06:30,655 - INFO - Acessando a URL: https://scon.stj.jus.br/SCON/sumstj/toc.jsp?documentosSelecionadosParaPDF=&numDocsPagina=10&tipo_visualizacao=&data=&p=false&tipo=sumula&b=SUMU&i=411&l=10&ordenacao=-%40NUM&operador=E
2024-11-27 15:06:35,026 - INFO - Acessando a URL: https://scon.stj.jus.br/SCON/sumstj/toc.jsp?documentosSelecionadosParaPDF=&numDocsPagina=10&tipo_visualizacao=&data=&p=false&tipo=sumula&b=SUMU&i=421&l=10&ordenacao=-%40NUM&operador=E
2024-11-27 15:06:39,898 - INFO - Acessando a URL: https://scon.stj.jus.br/SCON/sumstj/toc.jsp?documentosSelecionadosParaPDF=&numDocsPagina=10&tipo_visualizacao=&data=&p=false&tipo=sumula&b=SUMU&i=431&l=10&ordenacao=-%40NUM&operador=E
2024-11-27 15:06:43,691 - INFO - Acessando a URL: https://scon.stj.jus.br/SCON/sumstj/toc.jsp?documentosSelecionadosParaPDF=&numDocsPagina=10&tipo_visualizacao=&data=&p=false&tipo=sumula&b=SUMU&i=441&l=10&ordenacao=-%40NUM&operador=E
2024-11-27 15:06:47,824 - INFO - Acessando a URL: https://scon.stj.jus.br/SCON/sumstj/toc.jsp?documentosSelecionadosParaPDF=&numDocsPagina=10&tipo_visualizacao=&data=&p=false&tipo=sumula&b=SUMU&i=451&l=10&ordenacao=-%40NUM&operador=E
2024-11-27 15:06:52,807 - INFO - Acessando a URL: https://scon.stj.jus.br/SCON/sumstj/toc.jsp?documentosSelecionadosParaPDF=&numDocsPagina=10&tipo_visualizacao=&data=&p=false&tipo=sumula&b=SUMU&i=461&l=10&ordenacao=-%40NUM&operador=E
2024-11-27 15:06:56,894 - INFO - Acessando a URL: https://scon.stj.jus.br/SCON/sumstj/toc.jsp?documentosSelecionadosParaPDF=&numDocsPagina=10&tipo_visualizacao=&data=&p=false&tipo=sumula&b=SUMU&i=471&l=10&ordenacao=-%40NUM&operador=E
2024-11-27 15:07:02,045 - INFO - Acessando a URL: https://scon.stj.jus.br/SCON/sumstj/toc.jsp?documentosSelecionadosParaPDF=&numDocsPagina=10&tipo_visualizacao=&data=&p=false&tipo=sumula&b=SUMU&i=481&l=10&ordenacao=-%40NUM&operador=E
2024-11-27 15:07:05,722 - INFO - Acessando a URL: https://scon.stj.jus.br/SCON/sumstj/toc.jsp?documentosSelecionadosParaPDF=&numDocsPagina=10&tipo_visualizacao=&data=&p=false&tipo=sumula&b=SUMU&i=491&l=10&ordenacao=-%40NUM&operador=E
2024-11-27 15:07:10,111 - INFO - Acessando a URL: https://scon.stj.jus.br/SCON/sumstj/toc.jsp?documentosSelecionadosParaPDF=&numDocsPagina=10&tipo_visualizacao=&data=&p=false&tipo=sumula&b=SUMU&i=501&l=10&ordenacao=-%40NUM&operador=E
2024-11-27 15:07:14,403 - INFO - Acessando a URL: https://scon.stj.jus.br/SCON/sumstj/toc.jsp?documentosSelecionadosParaPDF=&numDocsPagina=10&tipo_visualizacao=&data=&p=false&tipo=sumula&b=SUMU&i=511&l=10&ordenacao=-%40NUM&operador=E
2024-11-27 15:07:18,715 - INFO - Acessando a URL: https://scon.stj.jus.br/SCON/sumstj/toc.jsp?documentosSelecionadosParaPDF=&numDocsPagina=10&tipo_visualizacao=&data=&p=false&tipo=sumula&b=SUMU&i=521&l=10&ordenacao=-%40NUM&operador=E
2024-11-27 15:07:26,040 - INFO - Acessando a URL: https://scon.stj.jus.br/SCON/sumstj/toc.jsp?documentosSelecionadosParaPDF=&numDocsPagina=10&tipo_visualizacao=&data=&p=false&tipo=sumula&b=SUMU&i=531&l=10&ordenacao=-%40NUM&operador=E
2024-11-27 15:07:30,643 - INFO - Acessando a URL: https://scon.stj.jus.br/SCON/sumstj/toc.jsp?documentosSelecionadosParaPDF=&numDocsPagina=10&tipo_visualizacao=&data=&p=false&tipo=sumula&b=SUMU&i=541&l=10&ordenacao=-%40NUM&operador=E
2024-11-27 15:07:35,553 - INFO - Acessando a URL: https://scon.stj.jus.br/SCON/sumstj/toc.jsp?documentosSelecionadosParaPDF=&numDocsPagina=10&tipo_visualizacao=&data=&p=false&tipo=sumula&b=SUMU&i=551&l=10&ordenacao=-%40NUM&operador=E
2024-11-27 15:07:40,215 - INFO - Acessando a URL: https://scon.stj.jus.br/SCON/sumstj/toc.jsp?documentosSelecionadosParaPDF=&numDocsPagina=10&tipo_visualizacao=&data=&p=false&tipo=sumula&b=SUMU&i=561&l=10&ordenacao=-%40NUM&operador=E
2024-11-27 15:07:45,988 - INFO - Acessando a URL: https://scon.stj.jus.br/SCON/sumstj/toc.jsp?documentosSelecionadosParaPDF=&numDocsPagina=10&tipo_visualizacao=&data=&p=false&tipo=sumula&b=SUMU&i=571&l=10&ordenacao=-%40NUM&operador=E
2024-11-27 15:07:56,952 - ERROR - Erro ao carregar a página para i=571: Message: 
Stacktrace:
0   chromedriver                        0x00000001026fbac4 cxxbridge1$str$ptr + 3651580
1   chromedriver                        0x00000001026f4314 cxxbridge1$str$ptr + 3620940
2   chromedriver                        0x000000010215c4b4 cxxbridge1$string$len + 89224
3   chromedriver                        0x00000001021a0898 cxxbridge1$string$len + 368748
4   chromedriver                        0x00000001021da0fc cxxbridge1$string$len + 604368
5   chromedriver                        0x00000001021950b0 cxxbridge1$string$len + 321668
6   chromedriver                        0x0000000102195d00 cxxbridge1$string$len + 324820
7   chromedriver                        0x00000001026c6e08 cxxbridge1$str$ptr + 3435328
8   chromedriver                        0x00000001026ca120 cxxbridge1$str$ptr + 3448408
9   chromedriver                        0x00000001026ae17c cxxbridge1$str$ptr + 3333812
10  chromedriver                        0x00000001026ca9e0 cxxbridge1$str$ptr + 3450648
11  chromedriver                        0x000000010269f988 cxxbridge1$str$ptr + 3274432
12  chromedriver                        0x00000001026e50f4 cxxbridge1$str$ptr + 3558956
13  chromedriver                        0x00000001026e5270 cxxbridge1$str$ptr + 3559336
14  chromedriver                        0x00000001026f3f88 cxxbridge1$str$ptr + 3620032
15  libsystem_pthread.dylib             0x000000018ab9af94 _pthread_start + 136
16  libsystem_pthread.dylib             0x000000018ab95d34 thread_start + 8

2024-11-27 15:07:57,150 - INFO - Navegador encerrado.
2024-11-27 15:07:57,150 - INFO - Dados salvos em sumulas_organizadas.csv
